0 info it worked if it ends with ok
1 verbose cli [ 'nodejs',
1 verbose cli   '/usr/bin/npm',
1 verbose cli   'install',
1 verbose cli   'https://github.com/MaxDaten/grunt-scp' ]
2 info using npm@1.1.71
3 info using node@v0.8.16
4 verbose read json /home/ravi/code/bigvio-calculator/package.json
5 verbose from cache /home/ravi/code/bigvio-calculator/package.json
6 verbose readDependencies using package.json deps
7 verbose cache add [ 'https://github.com/MaxDaten/grunt-scp', null ]
8 silly cache add name=undefined spec="https://github.com/MaxDaten/grunt-scp" args=["https://github.com/MaxDaten/grunt-scp",null]
9 verbose parsed url { protocol: 'https:',
9 verbose parsed url   slashes: true,
9 verbose parsed url   host: 'github.com',
9 verbose parsed url   hostname: 'github.com',
9 verbose parsed url   href: 'https://github.com/MaxDaten/grunt-scp',
9 verbose parsed url   pathname: '/MaxDaten/grunt-scp',
9 verbose parsed url   path: '/MaxDaten/grunt-scp' }
10 silly lockFile 13d942a9-ps-github-com-MaxDaten-grunt-scp https://github.com/MaxDaten/grunt-scp
11 verbose lock https://github.com/MaxDaten/grunt-scp /home/ravi/.npm/13d942a9-ps-github-com-MaxDaten-grunt-scp.lock
12 verbose addRemoteTarball [ 'https://github.com/MaxDaten/grunt-scp', null ]
13 info retry fetch attempt 1 at 20:43:22
14 verbose fetch to= /home/ravi/tmp/npm-15904/1358109802641-0.4610816009808332/tmp.tgz
15 http GET https://github.com/MaxDaten/grunt-scp
16 http 200 https://github.com/MaxDaten/grunt-scp
17 verbose tar unpack /home/ravi/tmp/npm-15904/1358109802641-0.4610816009808332/tmp.tgz
18 silly lockFile 6dcc3e5d-02641-0-4610816009808332-package /home/ravi/tmp/npm-15904/1358109802641-0.4610816009808332/package
19 verbose lock /home/ravi/tmp/npm-15904/1358109802641-0.4610816009808332/package /home/ravi/.npm/6dcc3e5d-02641-0-4610816009808332-package.lock
20 silly gunzTarPerm modes [ '755', '644' ]
21 verbose read json /home/ravi/tmp/npm-15904/1358109802641-0.4610816009808332/package/package.json
22 error not a package /home/ravi/tmp/npm-15904/1358109802641-0.4610816009808332/tmp.tgz
23 silly lockFile 6dcc3e5d-02641-0-4610816009808332-package /home/ravi/tmp/npm-15904/1358109802641-0.4610816009808332/package
24 silly lockFile 13d942a9-ps-github-com-MaxDaten-grunt-scp https://github.com/MaxDaten/grunt-scp
25 error Error: ENOENT, open '/home/ravi/tmp/npm-15904/1358109802641-0.4610816009808332/package/package.json'
26 error If you need help, you may report this log at:
26 error     <http://github.com/isaacs/npm/issues>
26 error or email it to:
26 error     <npm-@googlegroups.com>
27 error System Linux 3.5.0-21-generic
28 error command "nodejs" "/usr/bin/npm" "install" "https://github.com/MaxDaten/grunt-scp"
29 error cwd /home/ravi/code/bigvio-calculator
30 error node -v v0.8.16
31 error npm -v 1.1.71
32 error path /home/ravi/tmp/npm-15904/1358109802641-0.4610816009808332/package/package.json
33 error code ENOENT
34 error errno 34
35 verbose exit [ 34, true ]
